app/build/intermediates/manifest_merge_blame_file/debug/processDebugMainManifest/manifest-merger-blame-debug-report.txt
1<?xml version="1.0" encoding="utf-8"?>
2<manifest xmlns:android="http://schemas.android.com/apk/res/android"
3    package="com.cigartv.tv"
4    android:versionCode="1"
5    android:versionName="1.0" >
6
7    <uses-sdk
8        android:minSdkVersion="23"
9        android:targetSdkVersion="34" />
10
11    <uses-permission android:name="android.permission.INTERNET" />
11-->src/main/AndroidManifest.xml:4:5-67
11-->src/main/AndroidManifest.xml:4:22-64
12
13    <!-- TV apps must not require touchscreen; leanback marks it a TV app. -->
14    <uses-feature
14-->src/main/AndroidManifest.xml:7:5-9:36
15        android:name="android.hardware.touchscreen"
15-->src/main/AndroidManifest.xml:8:9-52
16        android:required="false" />
16-->src/main/AndroidManifest.xml:9:9-33
17    <uses-feature
17-->src/main/AndroidManifest.xml:10:5-12:35
18        android:name="android.software.leanback"
18-->src/main/AndroidManifest.xml:11:9-49
19        android:required="true" />
19-->src/main/AndroidManifest.xml:12:9-32
20
21    <uses-permission android:name="android.permission.ACCESS_NETWORK_STATE" />
21-->[androidx.media3:media3-common:1.4.1] AndroidManifest.xml:22:5-79
21-->[androidx.media3:media3-common:1.4.1] AndroidManifest.xml:22:22-76
22
23    <permission
23-->[androidx.core:core:1.13.1] AndroidManifest.xml:22:5-24:47
24        android:name="com.cigartv.tv.DYNAMIC_RECEIVER_NOT_EXPORTED_PERMISSION"
24-->[androidx.core:core:1.13.1] AndroidManifest.xml:23:9-81
25        android:protectionLevel="signature" />
25-->[androidx.core:core:1.13.1] AndroidManifest.xml:24:9-44
26
27    <uses-permission android:name="com.cigartv.tv.DYNAMIC_RECEIVER_NOT_EXPORTED_PERMISSION" />
27-->[androidx.core:core:1.13.1] AndroidManifest.xml:26:5-97
27-->[androidx.core:core:1.13.1] AndroidManifest.xml:26:22-94
28
29    <application
29-->src/main/AndroidManifest.xml:14:5-43:19
30        android:allowBackup="true"
30-->src/main/AndroidManifest.xml:15:9-35
31        android:appComponentFactory="androidx.core.app.CoreComponentFactory"
31-->[androidx.core:core:1.13.1] AndroidManifest.xml:28:18-86
32        android:banner="@drawable/app_banner"
32-->src/main/AndroidManifest.xml:16:9-46
33        android:debuggable="true"
34        android:extractNativeLibs="false"
35        android:icon="@mipmap/ic_launcher"
35-->src/main/AndroidManifest.xml:17:9-43
36        android:label="@string/app_name"
36-->src/main/AndroidManifest.xml:18:9-41
37        android:testOnly="true"
38        android:theme="@style/Theme.CigarTV" >
38-->src/main/AndroidManifest.xml:19:9-45
39
40        <!-- LEANBACK_LAUNCHER is what places the app on the Android TV home screen. -->
41        <activity
41-->src/main/AndroidManifest.xml:22:9-30:20
42            android:name="com.cigartv.tv.ui.MainActivity"
42-->src/main/AndroidManifest.xml:23:13-44
43            android:exported="true"
43-->src/main/AndroidManifest.xml:24:13-36
44            android:screenOrientation="landscape" >
44-->src/main/AndroidManifest.xml:25:13-50
45            <intent-filter>
45-->src/main/AndroidManifest.xml:26:13-29:29
46                <action android:name="android.intent.action.MAIN" />
46-->src/main/AndroidManifest.xml:27:17-69
46-->src/main/AndroidManifest.xml:27:25-66
47
48                <category android:name="android.intent.category.LEANBACK_LAUNCHER" />
48-->src/main/AndroidManifest.xml:28:17-86
48-->src/main/AndroidManifest.xml:28:27-83
49            </intent-filter>
50        </activity>
51        <activity
51-->src/main/AndroidManifest.xml:32:9-35:53
52            android:name="com.cigartv.tv.ui.SeriesDetailActivity"
52-->src/main/AndroidManifest.xml:33:13-52
53            android:exported="false"
53-->src/main/AndroidManifest.xml:34:13-37
54            android:screenOrientation="landscape" />
54-->src/main/AndroidManifest.xml:35:13-50
55        <activity
55-->src/main/AndroidManifest.xml:37:9-41:86
56            android:name="com.cigartv.tv.player.PlaybackActivity"
56-->src/main/AndroidManifest.xml:38:13-52
57            android:configChanges="keyboard|keyboardHidden|orientation|screenSize"
57-->src/main/AndroidManifest.xml:41:13-83
58            android:exported="false"
58-->src/main/AndroidManifest.xml:39:13-37
59            android:screenOrientation="landscape" />
59-->src/main/AndroidManifest.xml:40:13-50
60
61        <provider
61-->[androidx.emoji2:emoji2:1.3.0] AndroidManifest.xml:24:9-32:20
62            android:name="androidx.startup.InitializationProvider"
62-->[androidx.emoji2:emoji2:1.3.0] AndroidManifest.xml:25:13-67
63            android:authorities="com.cigartv.tv.androidx-startup"
63-->[androidx.emoji2:emoji2:1.3.0] AndroidManifest.xml:26:13-68
64            android:exported="false" >
64-->[androidx.emoji2:emoji2:1.3.0] AndroidManifest.xml:27:13-37
65            <meta-data
65-->[androidx.emoji2:emoji2:1.3.0] AndroidManifest.xml:29:13-31:52
66                android:name="androidx.emoji2.text.EmojiCompatInitializer"
66-->[androidx.emoji2:emoji2:1.3.0] AndroidManifest.xml:30:17-75
67                android:value="androidx.startup" />
67-->[androidx.emoji2:emoji2:1.3.0] AndroidManifest.xml:31:17-49
68            <meta-data
68-->[androidx.lifecycle:lifecycle-process:2.7.0] AndroidManifest.xml:29:13-31:52
69                android:name="androidx.lifecycle.ProcessLifecycleInitializer"
69-->[androidx.lifecycle:lifecycle-process:2.7.0] AndroidManifest.xml:30:17-78
70                android:value="androidx.startup" />
70-->[androidx.lifecycle:lifecycle-process:2.7.0] AndroidManifest.xml:31:17-49
71            <meta-data
71-->[androidx.profileinstaller:profileinstaller:1.3.1] AndroidManifest.xml:29:13-31:52
72                android:name="androidx.profileinstaller.ProfileInstallerInitializer"
72-->[androidx.profileinstaller:profileinstaller:1.3.1] AndroidManifest.xml:30:17-85
73                android:value="androidx.startup" />
73-->[androidx.profileinstaller:profileinstaller:1.3.1] AndroidManifest.xml:31:17-49
74        </provider>
75
76        <receiver
76-->[androidx.profileinstaller:profileinstaller:1.3.1] AndroidManifest.xml:34:9-52:20
77            android:name="androidx.profileinstaller.ProfileInstallReceiver"
77-->[androidx.profileinstaller:profileinstaller:1.3.1] AndroidManifest.xml:35:13-76
78            android:directBootAware="false"
78-->[androidx.profileinstaller:profileinstaller:1.3.1] AndroidManifest.xml:36:13-44
79            android:enabled="true"
79-->[androidx.profileinstaller:profileinstaller:1.3.1] AndroidManifest.xml:37:13-35
80            android:exported="true"
80-->[androidx.profileinstaller:profileinstaller:1.3.1] AndroidManifest.xml:38:13-36
81            android:permission="android.permission.DUMP" >
81-->[androidx.profileinstaller:profileinstaller:1.3.1] AndroidManifest.xml:39:13-57
82            <intent-filter>
82-->[androidx.profileinstaller:profileinstaller:1.3.1] AndroidManifest.xml:40:13-42:29
83                <action android:name="androidx.profileinstaller.action.INSTALL_PROFILE" />
83-->[androidx.profileinstaller:profileinstaller:1.3.1] AndroidManifest.xml:41:17-91
83-->[androidx.profileinstaller:profileinstaller:1.3.1] AndroidManifest.xml:41:25-88
84            </intent-filter>
85            <intent-filter>
85-->[androidx.profileinstaller:profileinstaller:1.3.1] AndroidManifest.xml:43:13-45:29
86                <action android:name="androidx.profileinstaller.action.SKIP_FILE" />
86-->[androidx.profileinstaller:profileinstaller:1.3.1] AndroidManifest.xml:44:17-85
86-->[androidx.profileinstaller:profileinstaller:1.3.1] AndroidManifest.xml:44:25-82
87            </intent-filter>
88            <intent-filter>
88-->[androidx.profileinstaller:profileinstaller:1.3.1] AndroidManifest.xml:46:13-48:29
89                <action android:name="androidx.profileinstaller.action.SAVE_PROFILE" />
89-->[androidx.profileinstaller:profileinstaller:1.3.1] AndroidManifest.xml:47:17-88
89-->[androidx.profileinstaller:profileinstaller:1.3.1] AndroidManifest.xml:47:25-85
90            </intent-filter>
91            <intent-filter>
91-->[androidx.profileinstaller:profileinstaller:1.3.1] AndroidManifest.xml:49:13-51:29
92                <action android:name="androidx.profileinstaller.action.BENCHMARK_OPERATION" />
92-->[androidx.profileinstaller:profileinstaller:1.3.1] AndroidManifest.xml:50:17-95
92-->[androidx.profileinstaller:profileinstaller:1.3.1] AndroidManifest.xml:50:25-92
93            </intent-filter>
94        </receiver>
95    </application>
96
97</manifest>